samples/app/build/outputs/logs/manifest-merger-debug-report.txt
-- Merging decision tree log ---
manifest
ADDED from src\main\AndroidManifest.xml:18:1-85:12
INJECTED from src\main\AndroidManifest.xml:18:1-85:12
INJECTED from src\main\AndroidManifest.xml:18:1-85:12
INJECTED from src\main\AndroidManifest.xml:18:1-85:12
MERGED from src\main\AndroidManifest.xml:18:1-85:12
MERGED from [:twitter] AndroidManifest.xml:18:1-27:12
MERGED from [:twitter-mopub] AndroidManifest.xml:18:1-42:12
MERGED from [com.android.support:design:26.1.0] AndroidManifest.xml:17:1-31:12
MERGED from [com.android.support:appcompat-v7:26.1.0] AndroidManifest.xml:17:1-31:12
MERGED from [:tweet-composer] AndroidManifest.xml:18:1-39:12
MERGED from [:tweet-ui] AndroidManifest.xml:18:1-43:12
MERGED from [:twitter-core] AndroidManifest.xml:18:1-35:12
MERGED from [com.mopub:mopub-sdk-native-static:4.11.0] AndroidManifest.xml:2:1-13:12
MERGED from [com.android.support:animated-vector-drawable:26.1.0] AndroidManifest.xml:17:1-28:12
MERGED from [com.android.support:support-vector-drawable:26.1.0] AndroidManifest.xml:17:1-28:12
MERGED from [com.android.support:transition:26.1.0] AndroidManifest.xml:17:1-28:12
MERGED from [com.mopub:mopub-sdk-base:4.11.0] AndroidManifest.xml:2:1-13:12
MERGED from [com.android.support:support-v4:26.1.0] AndroidManifest.xml:17:1-31:12
MERGED from [com.android.support:support-fragment:26.1.0] AndroidManifest.xml:17:1-31:12
MERGED from [com.android.support:recyclerview-v7:26.1.0] AndroidManifest.xml:17:1-28:12
MERGED from [com.android.support:support-core-ui:26.1.0] AndroidManifest.xml:17:1-31:12
MERGED from [com.android.support:support-media-compat:26.1.0] AndroidManifest.xml:17:1-31:12
MERGED from [com.android.support:support-core-utils:26.1.0] AndroidManifest.xml:17:1-31:12
MERGED from [com.android.support:support-compat:26.1.0] AndroidManifest.xml:17:1-31:12
MERGED from [android.arch.lifecycle:runtime:1.0.0] AndroidManifest.xml:17:1-30:12
INJECTED from src\debug\AndroidManifest.xml:19:1-27:12
INJECTED from src\debug\AndroidManifest.xml:19:1-27:12
INJECTED from src\debug\AndroidManifest.xml:19:1-27:12
	package
		ADDED from src\main\AndroidManifest.xml:19:5-30
		INJECTED from src\main\AndroidManifest.xml
		ADDED from src\main\AndroidManifest.xml:19:5-30
		INJECTED from src\debug\AndroidManifest.xml
	android:versionName
		INJECTED from src\main\AndroidManifest.xml
		ADDED from src\main\AndroidManifest.xml:18:1-85:12
		INJECTED from src\debug\AndroidManifest.xml
	xmlns:tools
		ADDED from src\debug\AndroidManifest.xml:21:5-51
	android:versionCode
		INJECTED from src\main\AndroidManifest.xml
		ADDED from src\main\AndroidManifest.xml:18:1-85:12
		INJECTED from src\debug\AndroidManifest.xml
	xmlns:android
		ADDED from src\main\AndroidManifest.xml:18:11-69
uses-permission#android.permission.INTERNET
ADDED from src\main\AndroidManifest.xml:21:5-66
MERGED from [:tweet-composer] AndroidManifest.xml:25:5-67
MERGED from [:tweet-composer] AndroidManifest.xml:25:5-67
MERGED from [:tweet-ui] AndroidManifest.xml:26:5-67
MERGED from [:tweet-ui] AndroidManifest.xml:26:5-67
MERGED from [:twitter-core] AndroidManifest.xml:25:5-67
MERGED from [:twitter-core] AndroidManifest.xml:25:5-67
	android:name
		ADDED from src\main\AndroidManifest.xml:21:22-64
uses-permission#android.permission.WRITE_EXTERNAL_STORAGE
ADDED from src\main\AndroidManifest.xml:22:5-80
	android:name
		ADDED from src\main\AndroidManifest.xml:22:22-78
uses-permission#android.permission.READ_CONTACTS
ADDED from src\main\AndroidManifest.xml:23:5-71
	android:name
		ADDED from src\main\AndroidManifest.xml:23:22-69
application
ADDED from src\main\AndroidManifest.xml:25:5-84:19
MERGED from [:twitter] AndroidManifest.xml:25:5-20
MERGED from [:twitter] AndroidManifest.xml:25:5-20
MERGED from [:twitter-mopub] AndroidManifest.xml:27:5-40:19
MERGED from [:twitter-mopub] AndroidManifest.xml:27:5-40:19
MERGED from [com.android.support:design:26.1.0] AndroidManifest.xml:25:5-29:19
MERGED from [com.android.support:design:26.1.0] AndroidManifest.xml:25:5-29:19
MERGED from [com.android.support:appcompat-v7:26.1.0] AndroidManifest.xml:25:5-29:19
MERGED from [com.android.support:appcompat-v7:26.1.0] AndroidManifest.xml:25:5-29:19
MERGED from [:tweet-composer] AndroidManifest.xml:27:5-37:19
MERGED from [:tweet-composer] AndroidManifest.xml:27:5-37:19
MERGED from [:tweet-ui] AndroidManifest.xml:28:5-41:19
MERGED from [:tweet-ui] AndroidManifest.xml:28:5-41:19
MERGED from [:twitter-core] AndroidManifest.xml:27:5-33:19
MERGED from [:twitter-core] AndroidManifest.xml:27:5-33:19
MERGED from [com.mopub:mopub-sdk-native-static:4.11.0] AndroidManifest.xml:11:5-20
MERGED from [com.mopub:mopub-sdk-native-static:4.11.0] AndroidManifest.xml:11:5-20
MERGED from [com.android.support:animated-vector-drawable:26.1.0] AndroidManifest.xml:22:5-26:19
MERGED from [com.android.support:animated-vector-drawable:26.1.0] AndroidManifest.xml:22:5-26:19
MERGED from [com.android.support:support-vector-drawable:26.1.0] AndroidManifest.xml:22:5-26:19
MERGED from [com.android.support:support-vector-drawable:26.1.0] AndroidManifest.xml:22:5-26:19
MERGED from [com.android.support:transition:26.1.0] AndroidManifest.xml:22:5-26:19
MERGED from [com.android.support:transition:26.1.0] AndroidManifest.xml:22:5-26:19
MERGED from [com.mopub:mopub-sdk-base:4.11.0] AndroidManifest.xml:11:5-20
MERGED from [com.mopub:mopub-sdk-base:4.11.0] AndroidManifest.xml:11:5-20
MERGED from [com.android.support:support-v4:26.1.0] AndroidManifest.xml:25:5-29:19
MERGED from [com.android.support:support-v4:26.1.0] AndroidManifest.xml:25:5-29:19
MERGED from [com.android.support:support-fragment:26.1.0] AndroidManifest.xml:25:5-29:19
MERGED from [com.android.support:support-fragment:26.1.0] AndroidManifest.xml:25:5-29:19
MERGED from [com.android.support:recyclerview-v7:26.1.0] AndroidManifest.xml:22:5-26:19
MERGED from [com.android.support:recyclerview-v7:26.1.0] AndroidManifest.xml:22:5-26:19
MERGED from [com.android.support:support-core-ui:26.1.0] AndroidManifest.xml:25:5-29:19
MERGED from [com.android.support:support-core-ui:26.1.0] AndroidManifest.xml:25:5-29:19
MERGED from [com.android.support:support-media-compat:26.1.0] AndroidManifest.xml:25:5-29:19
MERGED from [com.android.support:support-media-compat:26.1.0] AndroidManifest.xml:25:5-29:19
MERGED from [com.android.support:support-core-utils:26.1.0] AndroidManifest.xml:25:5-29:19
MERGED from [com.android.support:support-core-utils:26.1.0] AndroidManifest.xml:25:5-29:19
MERGED from [com.android.support:support-compat:26.1.0] AndroidManifest.xml:25:5-29:19
MERGED from [com.android.support:support-compat:26.1.0] AndroidManifest.xml:25:5-29:19
MERGED from [android.arch.lifecycle:runtime:1.0.0] AndroidManifest.xml:24:5-28:19
MERGED from [android.arch.lifecycle:runtime:1.0.0] AndroidManifest.xml:24:5-28:19
	android:supportsRtl
		ADDED from src\main\AndroidManifest.xml:30:9-35
	android:label
		ADDED from src\main\AndroidManifest.xml:29:9-49
	tools:ignore
		ADDED from [:tweet-ui] AndroidManifest.xml:31:9-39
	android:largeHeap
		ADDED from [:tweet-ui] AndroidManifest.xml:30:9-33
	android:icon
		ADDED from src\main\AndroidManifest.xml:28:9-53
	android:allowBackup
		ADDED from src\main\AndroidManifest.xml:27:9-35
	android:theme
		ADDED from src\main\AndroidManifest.xml:31:9-50
	android:name
		ADDED from src\main\AndroidManifest.xml:26:9-42
activity#com.example.app.tweetui.TimelinesActivity
ADDED from src\main\AndroidManifest.xml:32:9-40:20
	android:label
		ADDED from src\main\AndroidManifest.xml:34:13-53
	android:name
		ADDED from src\main\AndroidManifest.xml:33:13-54
intent-filter#android.intent.action.MAIN+android.intent.category.LAUNCHER
ADDED from src\main\AndroidManifest.xml:35:13-39:29
action#android.intent.action.MAIN
ADDED from src\main\AndroidManifest.xml:36:17-68
	android:name
		ADDED from src\main\AndroidManifest.xml:36:25-66
category#android.intent.category.LAUNCHER
ADDED from src\main\AndroidManifest.xml:38:17-76
	android:name
		ADDED from src\main\AndroidManifest.xml:38:27-74
activity#com.example.app.twittercore.TwitterCoreMainActivity
ADDED from src\main\AndroidManifest.xml:43:9-45:54
	android:label
		ADDED from src\main\AndroidManifest.xml:45:13-52
	android:name
		ADDED from src\main\AndroidManifest.xml:44:13-64
activity#com.example.app.tweetcomposer.TweetComposerMainActivity
ADDED from src\main\AndroidManifest.xml:48:9-50:56
	android:label
		ADDED from src\main\AndroidManifest.xml:50:13-54
	android:name
		ADDED from src\main\AndroidManifest.xml:49:13-68
activity#com.example.app.tweetui.XmlTweetActivity
ADDED from src\main\AndroidManifest.xml:53:9-55:50
	android:label
		ADDED from src\main\AndroidManifest.xml:55:13-48
	android:name
		ADDED from src\main\AndroidManifest.xml:54:13-53
activity#com.example.app.tweetui.UniqueTweetActivity
ADDED from src\main\AndroidManifest.xml:56:9-58:50
	android:label
		ADDED from src\main\AndroidManifest.xml:58:13-48
	android:name
		ADDED from src\main\AndroidManifest.xml:57:13-56
receiver#com.example.app.tweetcomposer.TweetSuccessReceiver
ADDED from src\main\AndroidManifest.xml:60:9-66:20
	android:exported
		ADDED from src\main\AndroidManifest.xml:62:13-37
	android:name
		ADDED from src\main\AndroidManifest.xml:61:13-63
intent-filter#com.twitter.sdk.android.tweetcomposer.UPLOAD_SUCCESS
ADDED from src\main\AndroidManifest.xml:63:13-65:29
action#com.twitter.sdk.android.tweetcomposer.UPLOAD_SUCCESS
ADDED from src\main\AndroidManifest.xml:64:17-94
	android:name
		ADDED from src\main\AndroidManifest.xml:64:25-92
receiver#com.example.app.tweetcomposer.TweetFailureReceiver
ADDED from src\main\AndroidManifest.xml:68:9-74:20
	android:exported
		ADDED from src\main\AndroidManifest.xml:70:13-37
	android:name
		ADDED from src\main\AndroidManifest.xml:69:13-63
intent-filter#com.twitter.sdk.android.tweetcomposer.UPLOAD_FAILURE
ADDED from src\main\AndroidManifest.xml:71:13-73:29
action#com.twitter.sdk.android.tweetcomposer.UPLOAD_FAILURE
ADDED from src\main\AndroidManifest.xml:72:17-94
	android:name
		ADDED from src\main\AndroidManifest.xml:72:25-92
receiver#com.example.app.tweetcomposer.TweetCancelReceiver
ADDED from src\main\AndroidManifest.xml:76:9-82:20
	android:exported
		ADDED from src\main\AndroidManifest.xml:78:13-37
	android:name
		ADDED from src\main\AndroidManifest.xml:77:13-62
intent-filter#com.twitter.sdk.android.tweetcomposer.TWEET_COMPOSE_CANCEL
ADDED from src\main\AndroidManifest.xml:79:13-81:29
action#com.twitter.sdk.android.tweetcomposer.TWEET_COMPOSE_CANCEL
ADDED from src\main\AndroidManifest.xml:80:17-100
	android:name
		ADDED from src\main\AndroidManifest.xml:80:25-98
uses-sdk
INJECTED from src\main\AndroidManifest.xml reason: use-sdk injection requested
INJECTED from src\main\AndroidManifest.xml
INJECTED from src\main\AndroidManifest.xml
MERGED from [:twitter] AndroidManifest.xml:23:5-44
MERGED from [:twitter] AndroidManifest.xml:23:5-44
MERGED from [:twitter-mopub] AndroidManifest.xml:23:5-44
MERGED from [:twitter-mopub] AndroidManifest.xml:23:5-44
MERGED from [com.android.support:design:26.1.0] AndroidManifest.xml:21:5-23:62
MERGED from [com.android.support:design:26.1.0] AndroidManifest.xml:21:5-23:62
MERGED from [com.android.support:appcompat-v7:26.1.0] AndroidManifest.xml:21:5-23:78
MERGED from [com.android.support:appcompat-v7:26.1.0] AndroidManifest.xml:21:5-23:78
MERGED from [:tweet-composer] AndroidManifest.xml:23:5-44
MERGED from [:tweet-composer] AndroidManifest.xml:23:5-44
MERGED from [:tweet-ui] AndroidManifest.xml:24:5-44
MERGED from [:tweet-ui] AndroidManifest.xml:24:5-44
MERGED from [:twitter-core] AndroidManifest.xml:23:5-44
MERGED from [:twitter-core] AndroidManifest.xml:23:5-44
MERGED from [com.mopub:mopub-sdk-native-static:4.11.0] AndroidManifest.xml:7:5-9:41
MERGED from [com.mopub:mopub-sdk-native-static:4.11.0] AndroidManifest.xml:7:5-9:41
MERGED from [com.android.support:animated-vector-drawable:26.1.0] AndroidManifest.xml:20:5-44
MERGED from [com.android.support:animated-vector-drawable:26.1.0] AndroidManifest.xml:20:5-44
MERGED from [com.android.support:support-vector-drawable:26.1.0] AndroidManifest.xml:20:5-44
MERGED from [com.android.support:support-vector-drawable:26.1.0] AndroidManifest.xml:20:5-44
MERGED from [com.android.support:transition:26.1.0] AndroidManifest.xml:20:5-44
MERGED from [com.android.support:transition:26.1.0] AndroidManifest.xml:20:5-44
MERGED from [com.mopub:mopub-sdk-base:4.11.0] AndroidManifest.xml:7:5-9:41
MERGED from [com.mopub:mopub-sdk-base:4.11.0] AndroidManifest.xml:7:5-9:41
MERGED from [com.android.support:support-v4:26.1.0] AndroidManifest.xml:21:5-23:54
MERGED from [com.android.support:support-v4:26.1.0] AndroidManifest.xml:21:5-23:54
MERGED from [com.android.support:support-fragment:26.1.0] AndroidManifest.xml:21:5-23:60
MERGED from [com.android.support:support-fragment:26.1.0] AndroidManifest.xml:21:5-23:60
MERGED from [com.android.support:recyclerview-v7:26.1.0] AndroidManifest.xml:20:5-44
MERGED from [com.android.support:recyclerview-v7:26.1.0] AndroidManifest.xml:20:5-44
MERGED from [com.android.support:support-core-ui:26.1.0] AndroidManifest.xml:21:5-23:58
MERGED from [com.android.support:support-core-ui:26.1.0] AndroidManifest.xml:21:5-23:58
MERGED from [com.android.support:support-media-compat:26.1.0] AndroidManifest.xml:21:5-23:63
MERGED from [com.android.support:support-media-compat:26.1.0] AndroidManifest.xml:21:5-23:63
MERGED from [com.android.support:support-core-utils:26.1.0] AndroidManifest.xml:21:5-23:61
MERGED from [com.android.support:support-core-utils:26.1.0] AndroidManifest.xml:21:5-23:61
MERGED from [com.android.support:support-compat:26.1.0] AndroidManifest.xml:21:5-23:58
MERGED from [com.android.support:support-compat:26.1.0] AndroidManifest.xml:21:5-23:58
MERGED from [android.arch.lifecycle:runtime:1.0.0] AndroidManifest.xml:20:5-22:41
MERGED from [android.arch.lifecycle:runtime:1.0.0] AndroidManifest.xml:20:5-22:41
INJECTED from src\debug\AndroidManifest.xml
INJECTED from src\debug\AndroidManifest.xml
	tools:overrideLibrary
		ADDED from [com.android.support:design:26.1.0] AndroidManifest.xml:23:9-59
	android:targetSdkVersion
		INJECTED from src\main\AndroidManifest.xml
		INJECTED from src\debug\AndroidManifest.xml
	android:minSdkVersion
		INJECTED from src\main\AndroidManifest.xml
		INJECTED from src\debug\AndroidManifest.xml
uses-permission#android.permission.DISABLE_KEYGUARD
ADDED from src\debug\AndroidManifest.xml:24:5-74
	android:name
		ADDED from src\debug\AndroidManifest.xml:24:22-72
uses-permission#android.permission.WAKE_LOCK
ADDED from src\debug\AndroidManifest.xml:25:5-67
	android:name
		ADDED from src\debug\AndroidManifest.xml:25:22-65
uses-permission#android.permission.ACCESS_NETWORK_STATE
ADDED from [:twitter-mopub] AndroidManifest.xml:25:5-79
	android:name
		ADDED from [:twitter-mopub] AndroidManifest.xml:25:22-76
activity#com.mopub.mobileads.MoPubActivity
ADDED from [:twitter-mopub] AndroidManifest.xml:28:9-30:77
	android:configChanges
		ADDED from [:twitter-mopub] AndroidManifest.xml:30:13-74
	android:name
		ADDED from [:twitter-mopub] AndroidManifest.xml:29:13-61
activity#com.mopub.mobileads.MraidActivity
ADDED from [:twitter-mopub] AndroidManifest.xml:31:9-33:77
	android:configChanges
		ADDED from [:twitter-mopub] AndroidManifest.xml:33:13-74
	android:name
		ADDED from [:twitter-mopub] AndroidManifest.xml:32:13-61
activity#com.mopub.common.MoPubBrowser
ADDED from [:twitter-mopub] AndroidManifest.xml:34:9-36:77
	android:configChanges
		ADDED from [:twitter-mopub] AndroidManifest.xml:36:13-74
	android:name
		ADDED from [:twitter-mopub] AndroidManifest.xml:35:13-57
activity#com.mopub.mobileads.MraidVideoPlayerActivity
ADDED from [:twitter-mopub] AndroidManifest.xml:37:9-39:77
	android:configChanges
		ADDED from [:twitter-mopub] AndroidManifest.xml:39:13-74
	android:name
		ADDED from [:twitter-mopub] AndroidManifest.xml:38:13-72
meta-data#android.support.VERSION
ADDED from [com.android.support:design:26.1.0] AndroidManifest.xml:26:9-28:38
MERGED from [com.android.support:appcompat-v7:26.1.0] AndroidManifest.xml:26:9-28:38
MERGED from [com.android.support:appcompat-v7:26.1.0] AndroidManifest.xml:26:9-28:38
MERGED from [com.android.support:animated-vector-drawable:26.1.0] AndroidManifest.xml:23:9-25:38
MERGED from [com.android.support:animated-vector-drawable:26.1.0] AndroidManifest.xml:23:9-25:38
MERGED from [com.android.support:support-vector-drawable:26.1.0] AndroidManifest.xml:23:9-25:38
MERGED from [com.android.support:support-vector-drawable:26.1.0] AndroidManifest.xml:23:9-25:38
MERGED from [com.android.support:transition:26.1.0] AndroidManifest.xml:23:9-25:38
MERGED from [com.android.support:transition:26.1.0] AndroidManifest.xml:23:9-25:38
MERGED from [com.android.support:support-v4:26.1.0] AndroidManifest.xml:26:9-28:38
MERGED from [com.android.support:support-v4:26.1.0] AndroidManifest.xml:26:9-28:38
MERGED from [com.android.support:support-fragment:26.1.0] AndroidManifest.xml:26:9-28:38
MERGED from [com.android.support:support-fragment:26.1.0] AndroidManifest.xml:26:9-28:38
MERGED from [com.android.support:recyclerview-v7:26.1.0] AndroidManifest.xml:23:9-25:38
MERGED from [com.android.support:recyclerview-v7:26.1.0] AndroidManifest.xml:23:9-25:38
MERGED from [com.android.support:support-core-ui:26.1.0] AndroidManifest.xml:26:9-28:38
MERGED from [com.android.support:support-core-ui:26.1.0] AndroidManifest.xml:26:9-28:38
MERGED from [com.android.support:support-media-compat:26.1.0] AndroidManifest.xml:26:9-28:38
MERGED from [com.android.support:support-media-compat:26.1.0] AndroidManifest.xml:26:9-28:38
MERGED from [com.android.support:support-core-utils:26.1.0] AndroidManifest.xml:26:9-28:38
MERGED from [com.android.support:support-core-utils:26.1.0] AndroidManifest.xml:26:9-28:38
MERGED from [com.android.support:support-compat:26.1.0] AndroidManifest.xml:26:9-28:38
MERGED from [com.android.support:support-compat:26.1.0] AndroidManifest.xml:26:9-28:38
	android:value
		ADDED from [com.android.support:design:26.1.0] AndroidManifest.xml:28:13-35
	android:name
		ADDED from [com.android.support:design:26.1.0] AndroidManifest.xml:27:13-51
activity#com.twitter.sdk.android.tweetcomposer.ComposerActivity
ADDED from [:tweet-composer] AndroidManifest.xml:28:9-31:71
	android:windowSoftInputMode
		ADDED from [:tweet-composer] AndroidManifest.xml:31:13-68
	android:exported
		ADDED from [:tweet-composer] AndroidManifest.xml:30:13-37
	android:name
		ADDED from [:tweet-composer] AndroidManifest.xml:29:13-82
service#com.twitter.sdk.android.tweetcomposer.TweetUploadService
ADDED from [:tweet-composer] AndroidManifest.xml:33:9-36:40
	android:enabled
		ADDED from [:tweet-composer] AndroidManifest.xml:35:13-35
	android:exported
		ADDED from [:tweet-composer] AndroidManifest.xml:36:13-37
	android:name
		ADDED from [:tweet-composer] AndroidManifest.xml:34:13-84
uses-library#android.test.runner
ADDED from [:tweet-ui] AndroidManifest.xml:32:9-60
	android:name
		ADDED from [:tweet-ui] AndroidManifest.xml:32:23-57
activity#com.twitter.sdk.android.tweetui.PlayerActivity
ADDED from [:tweet-ui] AndroidManifest.xml:34:9-37:49
	android:configChanges
		ADDED from [:tweet-ui] AndroidManifest.xml:36:13-74
	android:theme
		ADDED from [:tweet-ui] AndroidManifest.xml:37:13-46
	android:name
		ADDED from [:tweet-ui] AndroidManifest.xml:35:13-74
activity#com.twitter.sdk.android.tweetui.GalleryActivity
ADDED from [:tweet-ui] AndroidManifest.xml:38:9-40:49
	android:theme
		ADDED from [:tweet-ui] AndroidManifest.xml:40:13-46
	android:name
		ADDED from [:tweet-ui] AndroidManifest.xml:39:13-75
activity#com.twitter.sdk.android.core.identity.OAuthActivity
ADDED from [:twitter-core] AndroidManifest.xml:28:9-32:40
	android:excludeFromRecents
		ADDED from [:twitter-core] AndroidManifest.xml:31:13-46
	android:exported
		ADDED from [:twitter-core] AndroidManifest.xml:32:13-37
	android:configChanges
		ADDED from [:twitter-core] AndroidManifest.xml:30:13-59
	android:name
		ADDED from [:twitter-core] AndroidManifest.xml:29:13-79
meta-data#android.arch.lifecycle.VERSION
ADDED from [android.arch.lifecycle:runtime:1.0.0] AndroidManifest.xml:25:9-27:47
	android:value
		ADDED from [android.arch.lifecycle:runtime:1.0.0] AndroidManifest.xml:27:13-44
	android:name
		ADDED from [android.arch.lifecycle:runtime:1.0.0] AndroidManifest.xml:26:13-58